Running tests ...
[1A[KRunning 26 tests in 1 runtime ...
[1A[K[1m[32m26 tests, 128 assertions, 1 runtime ... OK[0m
-------------------|-----------|-----------|-----------|-----------|
File               |   % Stmts |% Branches |   % Funcs |   % Lines |
-------------------|-----------|-----------|-----------|-----------|
   lib/            |       100 |       100 |       100 |       100 |
      cli.js       |       100 |       100 |       100 |       100 |
      couchtato.js |       100 |       100 |       100 |       100 |
      db.js        |       100 |       100 |       100 |       100 |
      util.js      |       100 |       100 |       100 |       100 |
-------------------|-----------|-----------|-----------|-----------|
All files          |       100 |       100 |       100 |       100 |
-------------------|-----------|-----------|-----------|-----------|


=============================== Coverage summary ===============================
Statements   : 100% ( 138/138 )
Branches     : 100% ( 64/64 )
Functions    : 100% ( 32/32 )
Lines        : 100% ( 138/138 )
================================================================================
